2026-02-07 18:39:03,935 - src.main - INFO - Cosmic Watch API starting up...
2026-02-07 18:39:03,935 - src.main - INFO - NASA API Key: DEMO_KEY...
2026-02-07 18:39:03,935 - src.main - INFO - Memory cache initialized
2026-02-07 18:39:48,742 - src.main - INFO - Cosmic Watch API starting up...
2026-02-07 18:39:48,742 - src.main - INFO - NASA API Key: DEMO_KEY...
2026-02-07 18:39:48,742 - src.main - INFO - Memory cache initialized
2026-02-07 18:40:52,792 - src.main - INFO - Cosmic Watch API starting up...
2026-02-07 18:40:52,792 - src.main - INFO - NASA API Key: DEMO_KEY...
2026-02-07 18:40:52,792 - src.main - INFO - Memory cache initialized
2026-02-07 18:44:52,851 - src.main - INFO - Cosmic Watch API starting up...
2026-02-07 18:44:52,851 - src.main - INFO - NASA API Key: DEMO_KEY...
2026-02-07 18:44:52,851 - src.main - INFO - Memory cache initialized
2026-02-07 18:46:08,777 - src.main - INFO - Cosmic Watch API starting up...
2026-02-07 18:46:08,778 - src.main - INFO - NASA API Key: DEMO_KEY...
2026-02-07 18:46:08,778 - src.main - INFO - Memory cache initialized
2026-02-07 18:54:29,226 - src.main - INFO - Cosmic Watch API starting up...
2026-02-07 18:54:29,227 - src.main - INFO - NASA API Key: DEMO_KEY...
2026-02-07 18:54:29,227 - src.main - INFO - Memory cache initialized
2026-02-07 18:54:44,044 - src.main - INFO - Cosmic Watch API starting up...
2026-02-07 18:54:44,045 - src.main - INFO - NASA API Key: DEMO_KEY...
2026-02-07 18:54:44,045 - src.main - INFO - Memory cache initialized
2026-02-07 18:54:59,157 - src.main - INFO - Cosmic Watch API starting up...
2026-02-07 18:54:59,159 - src.main - INFO - NASA API Key: DEMO_KEY...
2026-02-07 18:54:59,159 - src.main - INFO - Memory cache initialized
2026-02-07 18:55:14,033 - src.main - INFO - Cosmic Watch API starting up...
2026-02-07 18:55:14,034 - src.main - INFO - NASA API Key: DEMO_KEY...
2026-02-07 18:55:14,034 - src.main - INFO - Memory cache initialized
2026-02-07 19:18:30,105 - src.main - INFO - Cosmic Watch API starting up...
2026-02-07 19:18:30,105 - src.main - INFO - NASA API Key: DEMO_KEY...
2026-02-07 19:18:30,105 - src.main - INFO - Memory cache initialized
2026-02-07 19:18:31,031 - src.main - INFO - Cosmic Watch API starting up...
2026-02-07 19:18:31,031 - src.main - INFO - NASA API Key: DEMO_KEY...
2026-02-07 19:18:31,032 - src.main - INFO - Memory cache initialized
2026-02-07 19:19:44,974 - src.main - INFO - Cosmic Watch API starting up...
2026-02-07 19:19:44,974 - src.main - INFO - NASA API Key: DEMO_KEY...
2026-02-07 19:19:44,974 - src.main - INFO - Memory cache initialized
2026-02-07 19:24:30,214 - src.main - INFO - Cosmic Watch API starting up...
2026-02-07 19:24:30,214 - src.main - INFO - NASA API Key: DEMO_KEY...
2026-02-07 19:24:30,214 - src.main - INFO - Memory cache initialized
2026-02-07 19:25:45,280 - src.main - INFO - Cosmic Watch API starting up...
2026-02-07 19:25:45,280 - src.main - INFO - NASA API Key: DEMO_KEY...
2026-02-07 19:25:45,280 - src.main - INFO - Memory cache initialized
2026-02-07 19:25:46,075 - src.main - INFO - Cosmic Watch API starting up...
2026-02-07 19:25:46,075 - src.main - INFO - NASA API Key: DEMO_KEY...
2026-02-07 19:25:46,075 - src.main - INFO - Memory cache initialized
2026-02-07 19:26:00,287 - src.main - INFO - Cosmic Watch API starting up...
2026-02-07 19:26:00,287 - src.main - INFO - NASA API Key: DEMO_KEY...
2026-02-07 19:26:00,287 - src.main - INFO - Memory cache initialized
2026-02-07 19:28:45,248 - src.main - INFO - Cosmic Watch API starting up...
2026-02-07 19:28:45,248 - src.main - INFO - NASA API Key: DEMO_KEY...
2026-02-07 19:28:45,248 - src.main - INFO - Memory cache initialized
2026-02-07 19:30:41,571 - src.main - INFO - Cosmic Watch API starting up...
2026-02-07 19:30:41,572 - src.main - INFO - NASA API Key: DEMO_KEY...
2026-02-07 19:30:41,572 - src.main - INFO - Memory cache initialized
2026-02-07 19:33:45,798 - src.main - INFO - Cosmic Watch API starting up...
2026-02-07 19:33:45,798 - src.main - INFO - NASA API Key: DEMO_KEY...
2026-02-07 19:33:45,799 - src.main - INFO - Memory cache initialized
2026-02-07 19:34:00,543 - src.main - INFO - Cosmic Watch API starting up...
2026-02-07 19:34:00,543 - src.main - INFO - NASA API Key: DEMO_KEY...
2026-02-07 19:34:00,543 - src.main - INFO - Memory cache initialized
2026-02-07 19:34:15,546 - src.main - INFO - Cosmic Watch API starting up...
2026-02-07 19:34:15,547 - src.main - INFO - NASA API Key: DEMO_KEY...
2026-02-07 19:34:15,547 - src.main - INFO - Memory cache initialized
2026-02-07 19:34:30,504 - src.main - INFO - Cosmic Watch API starting up...
2026-02-07 19:34:30,505 - src.main - INFO - NASA API Key: DEMO_KEY...
2026-02-07 19:34:30,505 - src.main - INFO - Memory cache initialized
2026-02-07 19:35:00,526 - src.main - INFO - Cosmic Watch API starting up...
2026-02-07 19:35:00,527 - src.main - INFO - NASA API Key: DEMO_KEY...
2026-02-07 19:35:00,527 - src.main - INFO - Memory cache initialized
2026-02-07 19:35:01,436 - src.main - INFO - Cosmic Watch API starting up...
2026-02-07 19:35:01,436 - src.main - INFO - NASA API Key: DEMO_KEY...
2026-02-07 19:35:01,436 - src.main - INFO - Memory cache initialized
2026-02-07 19:35:07,495 - src.main - INFO - Cosmic Watch API starting up...
2026-02-07 19:35:07,495 - src.main - INFO - NASA API Key: DEMO_KEY...
2026-02-07 19:35:07,495 - src.main - INFO - Memory cache initialized
2026-02-07 19:35:45,573 - src.main - INFO - 🌌 Cosmic Watch API starting up...
2026-02-07 19:35:45,577 - src.main - INFO - 🔑 NASA API Key: DEMO_KEY
2026-02-07 19:35:45,581 - src.main - INFO - ✅ API ready on http://localhost:8000
2026-02-07 19:36:30,583 - src.main - INFO - 🌌 Cosmic Watch API starting up...
2026-02-07 19:36:30,584 - src.main - INFO - 🔑 NASA API Key: DEMO_KEY
2026-02-07 19:36:30,584 - src.main - INFO - ✅ API ready on http://localhost:8000
2026-02-07 19:36:46,481 - src.main - INFO - 🌌 Cosmic Watch API starting up...
2026-02-07 19:36:46,481 - src.main - INFO - 🔑 NASA API Key: DEMO_KEY
2026-02-07 19:36:46,482 - src.main - INFO - ✅ API ready on http://localhost:8000
2026-02-07 19:36:47,177 - src.main - INFO - 🌌 Cosmic Watch API starting up...
2026-02-07 19:36:47,178 - src.main - INFO - 🔑 NASA API Key: DEMO_KEY
2026-02-07 19:36:47,178 - src.main - INFO - ✅ API ready on http://localhost:8000
2026-02-07 19:38:15,683 - src.main - INFO - 🌌 Cosmic Watch API starting up...
2026-02-07 19:38:15,684 - src.main - INFO - 🔑 NASA API Key: DEMO_KEY
2026-02-07 19:38:15,684 - src.main - INFO - ✅ API ready on http://localhost:8000
2026-02-07 19:55:46,420 - src.main - INFO - Cosmic Watch API starting up...
2026-02-07 19:55:46,421 - src.main - INFO - NASA API Key: DEMO_KEY...
2026-02-07 19:55:46,421 - src.main - INFO - Memory cache initialized
2026-02-07 19:56:02,577 - src.main - INFO - Cosmic Watch API starting up...
2026-02-07 19:56:02,577 - src.main - INFO - NASA API Key: DEMO_KEY...
2026-02-07 19:56:02,577 - src.main - INFO - Memory cache initialized
2026-02-07 19:57:52,254 - src.main - INFO - Cosmic Watch API starting up...
2026-02-07 19:57:52,254 - src.main - INFO - NASA API Key: DEMO_KEY...
2026-02-07 19:57:52,255 - src.main - INFO - Memory cache initialized
2026-02-07 19:59:48,786 - src.main - INFO - Cosmic Watch API starting up...
2026-02-07 19:59:48,788 - src.main - INFO - NASA API Key: DEMO_KEY...
2026-02-07 19:59:48,788 - src.main - INFO - Memory cache initialized
2026-02-07 20:01:31,362 - src.main - INFO - Cosmic Watch API starting up...
2026-02-07 20:01:31,362 - src.main - INFO - NASA API Key: DEMO_KEY...
2026-02-07 20:01:31,363 - src.main - INFO - Memory cache initialized
2026-02-07 23:04:29,381 - src.main - INFO - Cosmic Watch API starting up...
2026-02-07 23:04:29,382 - src.main - INFO - NASA API Key: DEMO_KEY...
2026-02-07 23:04:29,382 - src.main - INFO - Memory cache initialized
2026-02-08 00:29:12,765 - src.main - INFO - Cosmic Watch API starting up...
2026-02-08 00:29:12,766 - src.main - INFO - NASA API Key: DEMO_KEY...
2026-02-08 00:29:12,766 - src.main - INFO - Memory cache initialized
2026-02-08 01:31:50,224 - src.main - INFO - Cosmic Watch API starting up...
2026-02-08 01:31:50,225 - src.main - INFO - NASA API Key: DEMO_KEY...
2026-02-08 01:31:50,225 - src.main - INFO - Memory cache initialized
2026-02-08 01:48:10,611 - src.main - INFO - Cosmic Watch API starting up...
2026-02-08 01:48:10,611 - src.main - INFO - NASA API Key: DEMO_KEY...
2026-02-08 01:48:10,611 - src.main - INFO - Memory cache initialized
2026-02-08 01:54:25,212 - src.main - INFO - Cosmic Watch API starting up...
2026-02-08 01:54:25,212 - src.main - INFO - NASA API Key: DEMO_KEY...
2026-02-08 01:54:25,212 - src.main - INFO - Memory cache initialized
2026-02-08 02:06:18,532 - src.main - INFO - Cosmic Watch API starting up...
2026-02-08 02:06:18,532 - src.main - INFO - NASA API Key: DEMO_KEY...
2026-02-08 02:06:18,533 - src.main - INFO - Memory cache initialized
2026-02-08 02:50:22,278 - src.main - INFO - Cosmic Watch API starting up...
2026-02-08 02:50:22,278 - src.main - INFO - NASA API Key: DEMO_KEY...
2026-02-08 02:50:22,278 - src.main - INFO - Memory cache initialized
2026-02-08 03:59:17,618 - src.main - INFO - Cosmic Watch API starting up...
2026-02-08 03:59:17,618 - src.main - INFO - NASA API Key: DEMO_KEY...
2026-02-08 03:59:17,618 - src.main - INFO - Memory cache initialized
2026-02-08 04:16:04,567 - src.main - INFO - Cosmic Watch API starting up...
2026-02-08 04:16:04,567 - src.main - INFO - NASA API Key: DEMO_KEY...
2026-02-08 04:16:04,567 - src.main - INFO - Memory cache initialized
2026-02-08 04:18:05,562 - src.main - INFO - Cosmic Watch API starting up...
2026-02-08 04:18:05,562 - src.main - INFO - NASA API Key: DEMO_KEY...
2026-02-08 04:18:05,562 - src.main - INFO - Memory cache initialized
2026-02-08 04:39:24,619 - src.main - INFO - Cosmic Watch API starting up...
2026-02-08 04:39:24,619 - src.main - INFO - NASA API Key: DEMO_KEY...
2026-02-08 04:39:24,619 - src.main - INFO - Memory cache initialized
